2023-12-26 19:17:56.410 | INFO     | __main__:<module>:20 - If you're using Python 3.6, prefer f-strings of course!
2023-12-26 19:17:56.419 | INFO     | __main__:<module>:22 - If you're using Python 3.6, prefer f-strings of course!
2023-12-26 19:18:02.841 | INFO     | __main__:<module>:20 - If you're using Python 3.6, prefer f-strings of course!
2023-12-26 19:18:02.846 | INFO     | __main__:<module>:22 - If you're using Python 3.6, prefer f-strings of course!
2023-12-26 19:18:53.133 | INFO     | __main__:<module>:20 - If you're using Python 3.6, prefer f-strings of course!
2023-12-26 19:19:47.067 | INFO     | __main__:<module>:20 - If you're using Python 3.6, prefer f-strings of course!
2023-12-26 19:19:47.277 | ERROR    | __main__:nested:41 - What?!
Traceback (most recent call last):

  File "c:\Users\mew\Documents\GitHub\MLengineer_Learn\ep2-setenv\test_loguru.py", line 43, in <module>
    nested(0)
    └ <function nested at 0x0000021D4D60EDE0>

> File "c:\Users\mew\Documents\GitHub\MLengineer_Learn\ep2-setenv\test_loguru.py", line 39, in nested
    func(5, c)
    │       └ 0
    └ <function func at 0x0000021D4D60D1C0>

  File "c:\Users\mew\Documents\GitHub\MLengineer_Learn\ep2-setenv\test_loguru.py", line 35, in func
    return a / b
           │   └ 0
           └ 5

ZeroDivisionError: division by zero
